Added Component: Designator=J1(Barrier Terminal 2P)
Add component (AddParameter): Name = "Manufacturer"; Value = "DORABO"; VariantName = "[No Variations]"
Add component (AddParameter): Name = "Manufacturer Part #"; Value = "DBT50G-9.5-2P-BK-P OGC"; VariantName = "[No Variations]"
Add component (AddParameter): Name = "Seller"; Value = "Makers Electronics"; VariantName = "[No Variations]"
Add component (AddParameter): Name = "Seller Part #"; Value = "3496300101634"; VariantName = "[No Variations]"
Added Component: Designator=J2(Barrier Terminal 2P)
Add component (AddParameter): Name = "Manufacturer"; Value = "DORABO"; VariantName = "[No Variations]"
Add component (AddParameter): Name = "Manufacturer Part #"; Value = "DBT50G-9.5-2P-BK-P OGC"; VariantName = "[No Variations]"
Add component (AddParameter): Name = "Seller"; Value = "Makers Electronics"; VariantName = "[No Variations]"
Add component (AddParameter): Name = "Seller Part #"; Value = "3496300101634"; VariantName = "[No Variations]"
Added Component: Designator=J3(ESP32 CAM)
Added Component: Designator=J4(Pin Header 1x2)
Added Component: Designator=J5(Pin Header 1x2)
Added Component: Designator=U1(TO-92)
Add component (AddParameter): Name = "ComponentLink1Description"; Value = "Manufacturer URL"; VariantName = "[No Variations]"
Add component (AddParameter): Name = "ComponentLink1URL"; Value = "http://www.st.com"; VariantName = "[No Variations]"
Add component (AddParameter): Name = "ComponentLink2Description"; Value = "Datasheet"; VariantName = "[No Variations]"
Add component (AddParameter): Name = "ComponentLink2URL"; Value = "http://www.st.com/internet/com/TECHNICAL_RESOURCES/TECHNICAL_LITERATURE/DATASHEET/CD00000446.pdf"; VariantName = "[No Variations]"
Add component (AddParameter): Name = "DatasheetVersion"; Value = "1/02/2011"; VariantName = "[No Variations]"
Add component (AddParameter): Name = "PackageDescription"; Value = "TO, Flat Index; 3 In-Line, Axial Leads; Body Dia. 4.7mm; Lead Dia. 0.56 mm (max)"; VariantName = "[No Variations]"
Add component (AddParameter): Name = "PackageReference"; Value = "TO-92"; VariantName = "[No Variations]"
Add component (AddParameter): Name = "PackageVersion"; Value = "2011"; VariantName = "[No Variations]"
Added Component: Designator=U2(TO220)
Add component (AddParameter): Name = "ComponentLink1Description"; Value = "Manufacturer URL"; VariantName = "[No Variations]"
Add component (AddParameter): Name = "ComponentLink1URL"; Value = "http://www.st.com"; VariantName = "[No Variations]"
Add component (AddParameter): Name = "ComponentLink2Description"; Value = "Datasheet"; VariantName = "[No Variations]"
Add component (AddParameter): Name = "ComponentLink2URL"; Value = "http://www.st.com/internet/com/TECHNICAL_RESOURCES/TECHNICAL_LITERATURE/DATASHEET/CD00000444.pdf"; VariantName = "[No Variations]"
Add component (AddParameter): Name = "ComponentLink3Description"; Value = "Package Specification"; VariantName = "[No Variations]"
Add component (AddParameter): Name = "ComponentLink3URL"; Value = "http://www.st.com/internet/com/TECHNICAL_RESOURCES/TECHNICAL_LITERATURE/PACKAGE_INFORMATION/CD00004649.pdf"; VariantName = "[No Variations]"
Add component (AddParameter): Name = "DatasheetVersion"; Value = "16/11/2011"; VariantName = "[No Variations]"
Add component (AddParameter): Name = "PackageDescription"; Value = "TO, Thru-Hole, Vertical, Heatsink Mounted; 3 In-Line Leads; Pitch 2.54 mm"; VariantName = "[No Variations]"
Add component (AddParameter): Name = "PackageReference"; Value = "TO220"; VariantName = "[No Variations]"
Add component (AddParameter): Name = "PackageVersion"; Value = "ver3.0"; VariantName = "[No Variations]"
Added Pin To Net: NetName=+5V Pin=J3-5V
Added Pin To Net: NetName=+5V Pin=U2-3
Added Net: Name=+5V
Added Pin To Net: NetName=+6V Pin=J1-1
Added Pin To Net: NetName=+6V Pin=U1-1
Added Net: Name=+6V
Added Pin To Net: NetName=+12V Pin=J2-1
Added Pin To Net: NetName=+12V Pin=U1-3
Added Pin To Net: NetName=+12V Pin=U2-1
Added Net: Name=+12V
Added Pin To Net: NetName=GND Pin=J1-2
Added Pin To Net: NetName=GND Pin=J2-2
Added Pin To Net: NetName=GND Pin=J3-GND
Added Pin To Net: NetName=GND Pin=J3-GND
Added Pin To Net: NetName=GND Pin=J3-GND
Added Pin To Net: NetName=GND Pin=U1-2
Added Pin To Net: NetName=GND Pin=U2-2
Added Net: Name=GND
Added Pin To Net: NetName=J5_2 Pin=J3-GND
Added Pin To Net: NetName=J5_2 Pin=J3-GND
Added Pin To Net: NetName=J5_2 Pin=J3-GND
Added Pin To Net: NetName=J5_2 Pin=J5-2
Added Net: Name=J5_2
Added Pin To Net: NetName=RST Pin=J3-0
Added Pin To Net: NetName=RST Pin=J5-1
Added Net: Name=RST
Added Pin To Net: NetName=RX Pin=J3-3
Added Pin To Net: NetName=RX Pin=J4-1
Added Net: Name=RX
Added Pin To Net: NetName=TX Pin=J3-1
Added Pin To Net: NetName=TX Pin=J4-2
Added Net: Name=TX
Added Class: Name=ESP32 Schematic
